<?xml version="1.0" encoding="UTF-8"?>
<!-- Generated by org.testng.reporters.JUnitReportReporter -->
<testsuite hostname="sh-tianzizhuo" name="milkwaymavenPro2.New1Test" tests="1" failures="0" timestamp="20 Aug 2019 09:53:12 GMT" time="0.003" errors="0">
  <testcase name="f" time="0.003" classname="milkwaymavenPro2.New1Test"/>
</testsuite> <!-- milkwaymavenPro2.New1Test -->
