<?xml version="1.0" encoding="UTF-8"?>
<!-- Generated by org.testng.reporters.JUnitReportReporter -->
<testsuite hostname="sh-tianzizhuo" name="milkway.mavenPro2.AppTest" tests="1" failures="0" timestamp="20 Aug 2019 08:41:05 GMT" time="0.002" errors="0">
  <testcase name="testApp" time="0.002" classname="milkway.mavenPro2.AppTest"/>
</testsuite> <!-- milkway.mavenPro2.AppTest -->
