<?xml version="1.0" encoding="UTF-8"?>
<!-- Generated by org.testng.reporters.JUnitReportReporter -->
<testsuite hostname="sh-tianzizhuo" name="milkwaymavenPro2.AppTest" tests="1" failures="0" timestamp="20 Aug 2019 09:53:12 GMT" time="0.002" errors="0">
  <testcase name="testApp" time="0.002" classname="milkwaymavenPro2.AppTest"/>
</testsuite> <!-- milkwaymavenPro2.AppTest -->
