<?xml version="1.0" encoding="UTF-8"?>
<!-- Generated by org.testng.reporters.JUnitReportReporter -->
<testsuite hostname="sh-tianzizhuo" name="milkway.mavenPro2.NewTest" tests="1" failures="0" timestamp="20 Aug 2019 09:12:48 GMT" time="0.002" errors="0">
  <testcase name="f" time="0.002" classname="milkway.mavenPro2.NewTest"/>
</testsuite> <!-- milkway.mavenPro2.NewTest -->
