<?xml version="1.0" encoding="UTF-8"?>
<!-- Generated by org.testng.reporters.JUnitReportReporter -->
<testsuite hostname="sh-tianzizhuo" name="milkwaymavenPro2.Log4jNewTest" tests="1" failures="0" timestamp="22 Aug 2019 03:46:21 GMT" time="3.439" errors="0">
  <testcase name="f" time="3.439" classname="milkwaymavenPro2.Log4jNewTest"/>
</testsuite> <!-- milkwaymavenPro2.Log4jNewTest -->
