<?xml version="1.0" encoding="UTF-8"?>
<!-- Generated by org.testng.reporters.JUnitReportReporter -->
<testsuite hostname="sh-tianzizhuo" name="ecshop.ECShopSearchNewTest" tests="1" failures="0" timestamp="21 Aug 2019 03:44:37 GMT" time="9.349" errors="0">
  <testcase name="f" time="9.349" classname="ecshop.ECShopSearchNewTest"/>
</testsuite> <!-- ecshop.ECShopSearchNewTest -->
