<?xml version="1.0" encoding="UTF-8"?>
<!-- Generated by org.testng.reporters.JUnitReportReporter -->
<testsuite hostname="sh-tianzizhuo" name="milkwaymavenPro2.NewTest1" tests="1" failures="0" timestamp="21 Aug 2019 02:34:26 GMT" time="0.004" errors="0">
  <testcase name="f" time="0.004" classname="milkwaymavenPro2.NewTest1"/>
</testsuite> <!-- milkwaymavenPro2.NewTest1 -->
